============================= test session starts ==============================
platform darwin -- Python 3.10.11, pytest-9.0.2, pluggy-1.6.0 -- /Users/rejmi/PycharmProjects/Gandalf/.venv/bin/python
cachedir: .pytest_cache
rootdir: /Users/rejmi/PycharmProjects/Gandalf
plugins: asyncio-1.3.0
asyncio: mode=strict, debug=False, asyncio_default_fixture_loop_scope=None, asyncio_default_test_loop_scope=function
collecting ... collected 14 items

tests/test_position_manager.py::TestPaperAccount::test_open_position PASSED [  7%]
tests/test_position_manager.py::TestPaperAccount::test_close_position PASSED [ 14%]
tests/test_position_manager.py::TestPaperAccount::test_insufficient_balance PASSED [ 21%]
tests/test_position_manager.py::TestPositionManager::test_watch_signal_no_position PASSED [ 28%]
tests/test_position_manager.py::TestPositionManager::test_limit_signal_opens_position PASSED [ 35%]
tests/test_position_manager.py::TestPositionManager::test_instant_signal_opens_position PASSED [ 42%]
tests/test_position_manager.py::TestPositionManager::test_max_positions_limit PASSED [ 50%]
tests/test_position_manager.py::TestPositionManager::test_check_tp_hit PASSED [ 57%]
tests/test_position_manager.py::TestPositionManager::test_check_sl_hit PASSED [ 64%]
tests/test_position_manager.py::TestPositionManager::test_check_expired PASSED [ 71%]
tests/test_position_manager.py::TestPositionManager::test_calculate_quantity PASSED [ 78%]
tests/test_position_manager.py::TestPositionManager::test_close_position_by_tp PASSED [ 85%]
tests/test_position_manager.py::TestTradeRepository::test_save_trade PASSED [ 92%]
tests/test_position_manager.py::TestTradeRepository::test_get_open_trades PASSED [100%]

============================== 14 passed in 0.30s ==============================
